node.exe :  WARNING  
--no-cache is deprecated 
and will be removed in a 
future major version. Use 
--cache=local:r,remote:r
At D:\Installation\Nodejs\
npx.ps1:29 char:3
+   & $NODE_EXE 
$NPX_CLI_JS $args
+   ~~~~~~~~~~~~~~~~~~~~~~
~~~~~~~
    + CategoryInfo        
      : NotSpecified: (   
  WARNING  --no-...ocal   
 :r,remote:r:String) [    
], RemoteException
    + FullyQualifiedError 
   Id : NativeCommandErr  
  or
 
ΓÇó turbo 2.8.20

   ΓÇó Packages in scope: web
   ΓÇó Running build in 1 packages
   ΓÇó Remote caching disabled

web:build: cache miss, executing cf867e74c22699fb
web:build: 
web:build: > web@0.0.1 build D:\PROJECT\next-dashboard\apps\web
web:build: > next build
web:build: 
web:build: Γû▓ Next.js 16.1.6 (Turbopack)
web:build: - Environments: .env
web:build: 
web:build:   Creating an optimized production build ...
web:build: 
web:build: > Build error occurred
web:build: Error: Turbopack build failed with 2 errors:
web:build: ./apps/web/app/admin/sessions/page.tsx:60:22
web:build: Parsing ecmascript source code failed
web:build: [0m [90m 58 |[39m                   [33m<[39m[33m/[39m[33mTableCell[39m[33m>[39m
web:build:  [90m 59 |[39m                 [33m<[39m[33m/[39m[33mTableRow[39m[33m>[39m
web:build: [31m[1m>[22m[39m[90m 60 |[39m               [33m<[39m[33m/[39m[33mBody[39m[33m>[39m
web:build:  [90m    |[39m                      [31m[1m^[22m[39m
web:build: [31m[1m>[22m[39m[90m 61 |[39m             [33m<[39m[33m/[39m[33mTable[39m[33m>[39m
web:build:  [90m    |[39m [31m[1m^[22m[39m[31m[1m^[22m[39m[31m[1m^[22m[39m[31m[1m^[22m[39m[31m[1m^[22m[39m[31m[1m^[22m[39m[31m[1m^[22m[39m[31m[1m^[22m[39m[31m[1m^[22m[39m[31m[1m^[22m[39m[31m[1m^[22m[39m[31m[1m^[22m[39m[31m[1m^[22m[39m
web:build:  [90m 62 |[39m           [33m<[39m[33m/[39m[33mdiv[39m[33m>[39m
web:build:  [90m 63 |[39m         [33m<[39m[33m/[39m[33mCardContent[39m[33m>[39m
web:build:  [90m 64 |[39m       [33m<[39m[33m/[39m[33mCard[39m[33m>[39m[0m
web:build: 
web:build: Expected '</', got 'jsx text'
web:build: 
web:build: 
web:build: ./packages/ui/src/components/sonner.tsx:4:1
web:build: Module not found: Can't resolve 'sonner'
web:build: [0m [90m 2 |[39m
web:build:  [90m 3 |[39m [36mimport[39m { useTheme } [36mfrom[39m [32m"next-themes"[39m
web:build: [31m[1m>[22m[39m[90m 4 |[39m [36mimport[39m { [33mToaster[39m [36mas[39m [33mSonner[39m[33m,[39m type [33mToasterProps[39m } [36mfrom[39m [32m"sonner"[39m
web:build:  [90m   |[39m [31m[1m^[22m[39m[31m[1m^[22m[39m[31m[1m^[22m[39m[31m[1m^[22m[39m[31m[1m^[22m[39m[31m[1m^[22m[39m[31m[1m^[22m[39m[31m[1m^[22m[39m[31m[1m^[22m[39m[31m[1m^[22m[39m[31m[1m^[22m[39m[31m[1m^[22m[39m[31m[1m^[22m[39m[31m[1m^[22m[39m[31m[1m^[22m[39m[31m[1m^[22m[39m[31m[1m^[22m[39m[31m[1m^[22m[39m[31m[1m^[22m[39m[31m[1m^[22m[39m[31m[1m^[22m[39m[31m[1m^[22m[39m[31m[1m^[22m[39m[31m[1m^[22m[39m[31m[1m^[22m[39m[31m[1m^[22m[39m[31m[1m^[22m[39m[31m[1m^[22m[39m[31m[1m^[22m[39m[31m[1m^[22m[39m[31m[1m^[22m[39m[31m[1m^[22m[39m[31m[1m^[22m[39m[31m[1m^[22m[39m[31m[1m^[22m[39m[31m[1m^[22m[39m[31m[1m^[22m[39m[31m[1m^[22m[39m[31m[1m^[22m[39m[31m[1m^[22m[39m[31m[1m^[22m[39m[31m[1m^[22m[39m[31m[1m^[22m[39m[31m[1m^[22m[39m[31m[1m^[22m[39m[31m[1m^[22m[39m[31m[1m^[22m[39m[31m[1m^[22m[39m[31m[1m^[22m[39m[31m[1m^[22m[39m[31m[1m^[22m[39m[31m[1m^[22m[39m[31m[1m^[22m[39m[31m[1m^[22m[39m[31m[1m^[22m[39m[31m[1m^[22m[39m[31m[1m^[22m[39m[31m[1m^[22m[39m[31m[1m^[22m[39m[31m[1m^[22m[39m[31m[1m^[22m[39m
web:build:  [90m 5 |[39m [36mimport[39m { [33mCheckCircleIcon[39m[33m,[39m [33mInfoIcon[39m[33m,[39m [33mWarningIcon[39m[33m,[39m [33mXCircleIcon[39m[33m,[39m [33mSpinnerIcon[39m } [36mfrom[39m [32m"@phosphor-icons/react"[39m
web:build:  [90m 6 |[39m
web:build:  [90m 7 |[39m [36mconst[39m [33mToaster[39m [33m=[39m ({ [33m...[39mprops }[33m:[39m [33mToasterProps[39m) [33m=>[39m {[0m
web:build: 
web:build: 
web:build: 
web:build: Import trace:
web:build:   Server Component:
web:build:     ./packages/ui/src/components/sonner.tsx
web:build:     ./apps/web/app/layout.tsx
web:build: 
web:build: https://nextjs.org/docs/messages/module-not-found
web:build: 
web:build: 
web:build:     at <unknown> (./apps/web/app/admin/sessions/page.tsx:60:22)
web:build:     at <unknown> (./packages/ui/src/components/sonner.tsx:4:1)
web:build:     at <unknown> (https://nextjs.org/docs/messages/module-not-found)
web:build: Assertion failed: !(handle->flags & UV_HANDLE_CLOSING), file c:\ws\deps\uv\src\win\async.c, line 76
web:build: ΓÇëELIFECYCLEΓÇë Command failed with exit code 3221226505.
 ERROR  web#build: 
command (D:\PROJECT\next-d
ashboard\apps\web) C:\User
s\sharf\AppData\Roaming\np
m\pnpm.cmd run build 
exited (-1073740791)

 Tasks:    0 successful, 1 total
Cached:    0 cached, 1 total
  Time:    33.491s 
Failed:    web#build

 ERROR  run failed: 
command  exited 
(-1073740791)
