ï»¿node.exe :  WARNING  
--no-cache is deprecated 
and will be removed in a 
future major version. Use 
--cache=local:r,remote:r
At D:\Installation\Nodejs\
npx.ps1:29 char:3
+   & $NODE_EXE 
$NPX_CLI_JS $args
+   ~~~~~~~~~~~~~~~~~~~~~~
~~~~~~~
    + CategoryInfo        
      : NotSpecified: (   
  WARNING  --no-...ocal   
 :r,remote:r:String) [    
], RemoteException
    + FullyQualifiedError 
   Id : NativeCommandErr  
  or
 
Î“Ă‡Ă³ turbo 2.8.20

   Î“Ă‡Ă³ Packages in scope: web
   Î“Ă‡Ă³ Running build in 1 packages
   Î“Ă‡Ă³ Remote caching disabled

web:build: cache miss, executing e56ef7c093f01611
web:build: 
web:build: > web@0.0.1 build D:\PROJECT\next-dashboard\apps\web
web:build: > next build
web:build: 
web:build: Î“Ă»â–“ Next.js 16.1.6 (Turbopack)
web:build: - Environments: .env
web:build: 
web:build:   Creating an optimized production build ...
web:build: Î“Â£Ă´ Compiled successfully in 13.8s
web:build:   Running TypeScript ...
web:build: Failed to compile.
web:build: 
web:build: ./components/admin/user-management.tsx:204:9
web:build: Type error: Object literal may only specify known properties, and 'sessionId' does not exist in type 'Prettify<{ sessionToken: string; } & { fetchOptions?: ClientFetchOption<Partial<{ sessionToken: string; }> & Record<string, any>, Partial<Record<string, any>> & Record<...>, Record<...> | undefined> | undefined; }>'.
web:build: 
web:build: [0m [90m 202 |[39m     [36mtry[39m {
web:build:  [90m 203 |[39m       [36mconst[39m { error } [33m=[39m [36mawait[39m authClient[33m.[39madmin[33m.[39mrevokeUserSession({
web:build: [31m[1m>[22m[39m[90m 204 |[39m         sessionId[33m,[39m
web:build:  [90m     |[39m         [31m[1m^[22m[39m
web:build:  [90m 205 |[39m       })
web:build:  [90m 206 |[39m       [36mif[39m (error) [36mthrow[39m error
web:build:  [90m 207 |[39m       toast[33m.[39msuccess([32m"Session revoked successfully"[39m)[0m
web:build: Next.js build worker exited with code: 1 and signal: null
web:build: Î“Ă‡Ă«ELIFECYCLEÎ“Ă‡Ă« Command failed with exit code 1.
 ERROR  web#build: 
command (D:\PROJECT\next-d
ashboard\apps\web) C:\User
s\sharf\AppData\Roaming\np
m\pnpm.cmd run build 
exited (1)

 Tasks:    0 successful, 1 total
Cached:    0 cached, 1 total
  Time:    38.918s 
Failed:    web#build

 ERROR  run failed: 
command  exited (1)
