node.exe :  WARNING  
--no-cache is deprecated 
and will be removed in a 
future major version. Use 
--cache=local:r,remote:r
At D:\Installation\Nodejs\
npx.ps1:29 char:3
+   & $NODE_EXE 
$NPX_CLI_JS $args
+   ~~~~~~~~~~~~~~~~~~~~~~
~~~~~~~
    + CategoryInfo        
      : NotSpecified: (   
  WARNING  --no-...ocal   
 :r,remote:r:String) [    
], RemoteException
    + FullyQualifiedError 
   Id : NativeCommandErr  
  or
 
ΓÇó turbo 2.8.20

   ΓÇó Packages in scope: web
   ΓÇó Running build in 1 packages
   ΓÇó Remote caching disabled

web:build: cache miss, executing b21503e1b28d5f24
web:build: 
web:build: > web@0.0.1 build D:\PROJECT\next-dashboard\apps\web
web:build: > next build
web:build: 
web:build: Γû▓ Next.js 16.1.6 (Turbopack)
web:build: - Environments: .env
web:build: 
web:build:   Creating an optimized production build ...
web:build: Γ£ô Compiled successfully in 13.8s
web:build:   Running TypeScript ...
web:build: Failed to compile.
web:build: 
web:build: ./prisma.config.ts:2:35
web:build: Type error: Cannot find module '@prisma/config' or its corresponding type declarations.
web:build: 
web:build: [0m [90m 1 |[39m [36mimport[39m [32m"dotenv/config"[39m[33m;[39m
web:build: [31m[1m>[22m[39m[90m 2 |[39m [36mimport[39m { defineConfig[33m,[39m env } [36mfrom[39m [32m"@prisma/config"[39m[33m;[39m
web:build:  [90m   |[39m                                   [31m[1m^[22m[39m
web:build:  [90m 3 |[39m
web:build:  [90m 4 |[39m [36mexport[39m [36mdefault[39m defineConfig({
web:build:  [90m 5 |[39m   schema[33m:[39m [32m"prisma/schema.prisma"[39m[33m,[39m[0m
web:build: Next.js build worker exited with code: 1 and signal: null
web:build: ΓÇëELIFECYCLEΓÇë Command failed with exit code 1.
 ERROR  web#build: 
command (D:\PROJECT\next-d
ashboard\apps\web) C:\User
s\sharf\AppData\Roaming\np
m\pnpm.cmd run build 
exited (1)

 Tasks:    0 successful, 1 total
Cached:    0 cached, 1 total
  Time:    36.165s 
Failed:    web#build

 ERROR  run failed: 
command  exited (1)
