node.exe :  WARNING  
--no-cache is deprecated 
and will be removed in a 
future major version. Use 
--cache=local:r,remote:r
At D:\Installation\Nodejs\
npx.ps1:29 char:3
+   & $NODE_EXE 
$NPX_CLI_JS $args
+   ~~~~~~~~~~~~~~~~~~~~~~
~~~~~~~
    + CategoryInfo        
      : NotSpecified: (   
  WARNING  --no-...ocal   
 :r,remote:r:String) [    
], RemoteException
    + FullyQualifiedError 
   Id : NativeCommandErr  
  or
 
ΓÇó turbo 2.8.20

   ΓÇó Packages in scope: web
   ΓÇó Running build in 1 packages
   ΓÇó Remote caching disabled

web:build: cache miss, executing 6335cd72b8c18bb9
web:build: 
web:build: > web@0.0.1 build D:\PROJECT\next-dashboard\apps\web
web:build: > next build
web:build: 
web:build: Γû▓ Next.js 16.1.6 (Turbopack)
web:build: - Environments: .env
web:build: 
web:build:   Creating an optimized production build ...
web:build: Γ£ô Compiled successfully in 13.9s
web:build:   Running TypeScript ...
web:build: Failed to compile.
web:build: 
web:build: ./components/admin/user-management.tsx:94:16
web:build: Type error: Conversion of type 'UserWithRole[]' to type 'User[]' may be a mistake because neither type sufficiently overlaps with the other. If this was intentional, convert the expression to 'unknown' first.
web:build:   Property 'bannedAt' is missing in type 'UserWithRole' but required in type 'User'.
web:build: 
web:build: [0m [90m 92 |[39m       })
web:build:  [90m 93 |[39m       [36mif[39m (error) [36mthrow[39m error
web:build: [31m[1m>[22m[39m[90m 94 |[39m       setUsers((data[33m?[39m[33m.[39musers [33m?[39m[33m?[39m []) [36mas[39m [33mUser[39m[])
web:build:  [90m    |[39m                [31m[1m^[22m[39m
web:build:  [90m 95 |[39m     } [36mcatch[39m (error) {
web:build:  [90m 96 |[39m       console[33m.[39merror([32m"Failed to fetch users:"[39m[33m,[39m error)
web:build:  [90m 97 |[39m       toast[33m.[39merror([32m"Failed to fetch users"[39m)[0m
web:build: Next.js build worker exited with code: 1 and signal: null
web:build: ΓÇëELIFECYCLEΓÇë Command failed with exit code 1.
 ERROR  web#build: 
command (D:\PROJECT\next-d
ashboard\apps\web) C:\User
s\sharf\AppData\Roaming\np
m\pnpm.cmd run build 
exited (1)

 Tasks:    0 successful, 1 total
Cached:    0 cached, 1 total
  Time:    38.656s 
Failed:    web#build

 ERROR  run failed: 
command  exited (1)
